[2021-05-31 16:03:23] ADYEN.ERROR: The API key configuration value is missing {"is_exception":false} []
[2021-05-31 16:03:41] ADYEN.ERROR: The API key configuration value is missing {"is_exception":false} []
[2021-05-31 16:04:04] ADYEN.ERROR: The API key configuration value is missing {"is_exception":false} []
[2021-05-31 16:04:04] ADYEN.ERROR: The API key configuration value is missing {"is_exception":false} []
[2021-05-31 16:04:28] ADYEN.ERROR: The API key configuration value is missing {"is_exception":false} []
[2021-05-31 16:04:28] ADYEN.ERROR: The API key configuration value is missing {"is_exception":false} []
[2021-05-31 16:04:44] ADYEN.ERROR: The API key configuration value is missing {"is_exception":false} []
[2021-05-31 16:05:12] ADYEN.ERROR: The API key configuration value is missing {"is_exception":false} []
[2021-05-31 16:05:12] ADYEN.ERROR: The configuration "ADYEN_NOTI_PASSWORD" has no value set, please add the notification password! {"is_exception":false} []
[2021-05-31 16:05:12] ADYEN.ERROR: The configuration "ADYEN_NOTI_HMAC" has no value set, please add the HMAC key! {"is_exception":false} []
[2021-05-31 16:05:53] ADYEN.ERROR: The API key configuration value is missing {"is_exception":false} []
[2021-05-31 16:05:53] ADYEN.ERROR: The configuration "ADYEN_NOTI_PASSWORD" has no value set, please add the notification password! {"is_exception":false} []
[2021-05-31 16:05:53] ADYEN.ERROR: The configuration "ADYEN_NOTI_HMAC" has no value set, please add the HMAC key! {"is_exception":false} []
[2021-05-31 16:05:55] ADYEN.ERROR: The API key configuration value is missing {"is_exception":false} []
[2021-05-31 16:05:58] ADYEN.ERROR: The API key configuration value is missing {"is_exception":false} []
[2021-05-31 16:06:05] ADYEN.ERROR: The API key configuration value is missing {"is_exception":false} []
[2021-05-31 16:06:09] ADYEN.ERROR: The API key configuration value is missing {"is_exception":false} []
[2021-05-31 16:06:09] ADYEN.ERROR: The API key configuration value is missing {"is_exception":false} []
[2021-05-31 16:06:13] ADYEN.ERROR: The API key configuration value is missing {"is_exception":false} []
[2021-05-31 16:06:13] ADYEN.ERROR: The API key configuration value is missing {"is_exception":false} []
[2021-05-31 16:06:13] ADYEN.ERROR: ADYEN_MERCHANT_ACCOUNT configuration not found in ps_configuration table {"is_exception":false} []
[2021-05-31 16:06:13] ADYEN.ERROR: ADYEN_INTEGRATOR_NAME configuration not found in ps_configuration table {"is_exception":false} []
[2021-05-31 16:06:13] ADYEN.ERROR: ADYEN_MODE configuration not found in ps_configuration table {"is_exception":false} []
[2021-05-31 16:06:13] ADYEN.ERROR: ADYEN_NOTI_USERNAME configuration not found in ps_configuration table {"is_exception":false} []
[2021-05-31 16:06:13] ADYEN.ERROR: ADYEN_NOTI_PASSWORD configuration not found in ps_configuration table {"is_exception":false} []
[2021-05-31 16:06:13] ADYEN.ERROR: ADYEN_APIKEY_TEST configuration not found in ps_configuration table {"is_exception":false} []
[2021-05-31 16:06:13] ADYEN.ERROR: ADYEN_APIKEY_LIVE configuration not found in ps_configuration table {"is_exception":false} []
[2021-05-31 16:06:13] ADYEN.ERROR: ADYEN_CLIENTKEY_TEST configuration not found in ps_configuration table {"is_exception":false} []
[2021-05-31 16:06:13] ADYEN.ERROR: ADYEN_CLIENTKEY_LIVE configuration not found in ps_configuration table {"is_exception":false} []
[2021-05-31 16:06:13] ADYEN.ERROR: ADYEN_NOTI_HMAC configuration not found in ps_configuration table {"is_exception":false} []
[2021-05-31 16:06:13] ADYEN.ERROR: ADYEN_LIVE_ENDPOINT_URL_PREFIX configuration not found in ps_configuration table {"is_exception":false} []
[2021-05-31 16:06:13] ADYEN.ERROR: ADYEN_APPLE_PAY_MERCHANT_NAME configuration not found in ps_configuration table {"is_exception":false} []
[2021-05-31 16:06:13] ADYEN.ERROR: ADYEN_APPLE_PAY_MERCHANT_IDENTIFIER configuration not found in ps_configuration table {"is_exception":false} []
[2021-05-31 16:06:13] ADYEN.ERROR: ADYEN_GOOGLE_PAY_GATEWAY_MERCHANT_ID configuration not found in ps_configuration table {"is_exception":false} []
[2021-05-31 16:06:13] ADYEN.ERROR: ADYEN_GOOGLE_PAY_MERCHANT_IDENTIFIER configuration not found in ps_configuration table {"is_exception":false} []
[2021-05-31 16:06:13] ADYEN.ERROR: ADYEN_ADMIN_PATH configuration not found in ps_configuration table {"is_exception":false} []
[2021-05-31 16:06:15] ADYEN.ERROR: The API key configuration value is missing {"is_exception":false} []
[2021-05-31 16:06:15] ADYEN.ERROR: The API key configuration value is missing {"is_exception":false} []
[2021-05-31 16:06:15] ADYEN.ERROR: ADYEN_MERCHANT_ACCOUNT configuration not found in ps_configuration table {"is_exception":false} []
[2021-05-31 16:06:15] ADYEN.ERROR: ADYEN_INTEGRATOR_NAME configuration not found in ps_configuration table {"is_exception":false} []
[2021-05-31 16:06:15] ADYEN.ERROR: ADYEN_MODE configuration not found in ps_configuration table {"is_exception":false} []
[2021-05-31 16:06:15] ADYEN.ERROR: ADYEN_NOTI_USERNAME configuration not found in ps_configuration table {"is_exception":false} []
[2021-05-31 16:06:15] ADYEN.ERROR: ADYEN_NOTI_PASSWORD configuration not found in ps_configuration table {"is_exception":false} []
[2021-05-31 16:06:15] ADYEN.ERROR: ADYEN_APIKEY_TEST configuration not found in ps_configuration table {"is_exception":false} []
[2021-05-31 16:06:15] ADYEN.ERROR: ADYEN_APIKEY_LIVE configuration not found in ps_configuration table {"is_exception":false} []
[2021-05-31 16:06:15] ADYEN.ERROR: ADYEN_CLIENTKEY_TEST configuration not found in ps_configuration table {"is_exception":false} []
[2021-05-31 16:06:15] ADYEN.ERROR: ADYEN_CLIENTKEY_LIVE configuration not found in ps_configuration table {"is_exception":false} []
[2021-05-31 16:06:15] ADYEN.ERROR: ADYEN_NOTI_HMAC configuration not found in ps_configuration table {"is_exception":false} []
[2021-05-31 16:06:15] ADYEN.ERROR: ADYEN_LIVE_ENDPOINT_URL_PREFIX configuration not found in ps_configuration table {"is_exception":false} []
[2021-05-31 16:06:15] ADYEN.ERROR: ADYEN_APPLE_PAY_MERCHANT_NAME configuration not found in ps_configuration table {"is_exception":false} []
[2021-05-31 16:06:15] ADYEN.ERROR: ADYEN_APPLE_PAY_MERCHANT_IDENTIFIER configuration not found in ps_configuration table {"is_exception":false} []
[2021-05-31 16:06:15] ADYEN.ERROR: ADYEN_GOOGLE_PAY_GATEWAY_MERCHANT_ID configuration not found in ps_configuration table {"is_exception":false} []
[2021-05-31 16:06:15] ADYEN.ERROR: ADYEN_GOOGLE_PAY_MERCHANT_IDENTIFIER configuration not found in ps_configuration table {"is_exception":false} []
[2021-05-31 16:06:15] ADYEN.ERROR: ADYEN_ADMIN_PATH configuration not found in ps_configuration table {"is_exception":false} []
[2021-05-31 16:06:22] ADYEN.ERROR: The API key configuration value is missing {"is_exception":false} []
[2021-05-31 16:06:44] ADYEN.ERROR: The API key configuration value is missing {"is_exception":false} []
[2021-05-31 16:06:47] ADYEN.ERROR: The API key configuration value is missing {"is_exception":false} []
[2021-05-31 16:06:51] ADYEN.ERROR: The API key configuration value is missing {"is_exception":false} []
[2021-05-31 16:06:51] ADYEN.ERROR: The configuration "ADYEN_NOTI_PASSWORD" has no value set, please add the notification password! {"is_exception":false} []
[2021-05-31 16:06:51] ADYEN.ERROR: The configuration "ADYEN_NOTI_HMAC" has no value set, please add the HMAC key! {"is_exception":false} []
